<?xml version="1.0" encoding="UTF-8"?>
<!-- Generated by org.testng.reporters.JUnitXMLReporter -->
<testsuite ignored="4" hostname="User" failures="0" tests="6" name="Test_Runner ----&gt; Edge" time="125.967" errors="0" timestamp="2024-11-08T15:10:54 IST">
  <testcase classname="com.CRM.LeadsTest.TestScriptForLeads" name="createLeads" time="17.568"/>
  <testcase classname="com.CRM.LeadsTest.TestScriptForLeads" name="createLeadsWithContact" time="15.487"/>
  <testcase classname="com.CRM.LeadsTest.TestScriptForLeads" name="createLeadsWithCredenials" time="18.424"/>
  <testcase classname="com.CRM.ProductsTest.TestScriptForProducts" name="addProductName" time="9.956"/>
  <testcase classname="com.CRM.ProductsTest.TestScriptForProducts" name="addProductWithCredentials" time="7.621"/>
  <testcase classname="com.CRM.ProductsTest.TestScriptForProducts" name="addProductWithDate" time="7.497"/>
  <testcase classname="com.CRM.BaseClass.BaseClassForCRM" name="@AfterSuite afterSuite" time="0.0">
    <ignored/>
  </testcase> <!-- @AfterSuite afterSuite -->
  <testcase classname="com.CRM.BaseClass.BaseClassForCRM" name="@BeforeTest beforeTest" time="0.0">
    <ignored/>
  </testcase> <!-- @BeforeTest beforeTest -->
  <testcase classname="com.CRM.BaseClass.BaseClassForCRM" name="@BeforeSuite beforeSuite" time="0.0">
    <ignored/>
  </testcase> <!-- @BeforeSuite beforeSuite -->
  <testcase classname="com.CRM.BaseClass.BaseClassForCRM" name="@AfterTest afterTest" time="0.0">
    <ignored/>
  </testcase> <!-- @AfterTest afterTest -->
</testsuite> <!-- Test_Runner -> Edge -->
