<?xml version="1.0" encoding="UTF-8"?>
<!-- Generated by org.testng.reporters.JUnitXMLReporter -->
<testsuite ignored="4" hostname="User" failures="0" tests="6" name="Test_Runner ----&gt; Firefox" time="105.819" errors="0" timestamp="2024-11-08T15:10:34 IST">
  <testcase classname="com.CRM.ServicesTest.TestScriptForServices" name="addServiceName" time="17.031"/>
  <testcase classname="com.CRM.ServicesTest.TestScriptForServices" name="addServicesWithCredentials" time="0.0">
    <skipped/>
  </testcase> <!-- addServicesWithCredentials -->
  <testcase classname="com.CRM.ServicesTest.TestScriptForServices" name="addServiceswithDate" time="0.0">
    <skipped/>
  </testcase> <!-- addServiceswithDate -->
  <testcase classname="com.CRM.ContactTest.TestScriptForCont" name="createContact" time="15.992"/>
  <testcase classname="com.CRM.ContactTest.TestScriptForCont" name="createContactWithDate" time="0.0">
    <skipped/>
  </testcase> <!-- createContactWithDate -->
  <testcase classname="com.CRM.ContactTest.TestScriptForCont" name="createContactWithOrgCredentials" time="0.0">
    <skipped/>
  </testcase> <!-- createContactWithOrgCredentials -->
  <testcase classname="com.CRM.BaseClass.BaseClassForCRM" name="@AfterTest afterTest" time="0.0">
    <ignored/>
  </testcase> <!-- @AfterTest afterTest -->
  <testcase classname="com.CRM.BaseClass.BaseClassForCRM" name="@AfterSuite afterSuite" time="0.0">
    <ignored/>
  </testcase> <!-- @AfterSuite afterSuite -->
  <testcase classname="com.CRM.BaseClass.BaseClassForCRM" name="@BeforeSuite beforeSuite" time="0.0">
    <ignored/>
  </testcase> <!-- @BeforeSuite beforeSuite -->
  <testcase classname="com.CRM.BaseClass.BaseClassForCRM" name="@BeforeTest beforeTest" time="0.0">
    <ignored/>
  </testcase> <!-- @BeforeTest beforeTest -->
</testsuite> <!-- Test_Runner -> Firefox -->
