<?xml version="1.0" encoding="UTF-8"?>
<testng-results ignored="9" total="11" passed="2" failed="0" skipped="0">
  <reporter-output>
  </reporter-output>
  <suite started-at="2024-11-08T15:11:14 IST" name="Suite" finished-at="2024-11-08T15:12:10 IST" duration-ms="55824">
    <groups>
      <group name="regression">
        <method signature="TestScriptForCont.createContactWithOrgCredentials()[pri:0, instance:com.CRM.ContactTest.TestScriptForCont@36bc55de]" name="createContactWithOrgCredentials" class="com.CRM.ContactTest.TestScriptForCont"/>
      </group> <!-- regression -->
      <group name="smoke">
        <method signature="TestScriptForOrganisation.createOrg()[pri:0, instance:com.CRM.OrganisationTest.TestScriptForOrganisation@2d7275fc]" name="createOrg" class="com.CRM.OrganisationTest.TestScriptForOrganisation"/>
      </group> <!-- smoke -->
    </groups>
    <test started-at="2024-11-08T15:11:14 IST" name="Test" finished-at="2024-11-08T15:12:10 IST" duration-ms="55824">
      <class name="com.CRM.ContactTest.TestScriptForCont">
        <test-method is-config="true" signature="beforeClass(java.lang.String)[pri:0, instance:com.CRM.ContactTest.TestScriptForCont@36bc55de]" started-at="2024-11-08T15:11:28 IST" name="beforeClass" finished-at="2024-11-08T15:11:29 IST" duration-ms="1056" status="PASS">
          <params>
            <param index="0">
              <value>
                <![CDATA[chrome]]>
              </value>
            </param>
          </params>
          <reporter-output>
          </reporter-output>
        </test-method> <!-- beforeClass -->
        <test-method is-config="true" signature="beforeMethod()[pri:0, instance:com.CRM.ContactTest.TestScriptForCont@36bc55de]" started-at="2024-11-08T15:11:29 IST" name="beforeMethod" finished-at="2024-11-08T15:11:32 IST" duration-ms="2633" status="PASS">
          <reporter-output>
          </reporter-output>
        </test-method> <!-- beforeMethod -->
        <test-method signature="createContactWithOrgCredentials()[pri:0, instance:com.CRM.ContactTest.TestScriptForCont@36bc55de]" started-at="2024-11-08T15:11:32 IST" name="createContactWithOrgCredentials" finished-at="2024-11-08T15:12:08 IST" duration-ms="36634" status="PASS">
          <reporter-output>
          </reporter-output>
        </test-method> <!-- createContactWithOrgCredentials -->
        <test-method is-config="true" signature="afterMethod()[pri:0, instance:com.CRM.ContactTest.TestScriptForCont@36bc55de]" started-at="2024-11-08T15:12:08 IST" name="afterMethod" finished-at="2024-11-08T15:12:10 IST" duration-ms="1298" status="PASS">
          <reporter-output>
          </reporter-output>
        </test-method> <!-- afterMethod -->
        <test-method is-config="true" signature="afterClass()[pri:0, instance:com.CRM.ContactTest.TestScriptForCont@36bc55de]" started-at="2024-11-08T15:12:10 IST" name="afterClass" finished-at="2024-11-08T15:12:10 IST" duration-ms="180" status="PASS">
          <reporter-output>
          </reporter-output>
        </test-method> <!-- afterClass -->
      </class> <!-- com.CRM.ContactTest.TestScriptForCont -->
      <class name="com.CRM.OrganisationTest.TestScriptForOrganisation">
        <test-method is-config="true" signature="beforeSuite()[pri:0, instance:com.CRM.OrganisationTest.TestScriptForOrganisation@2d7275fc]" started-at="2024-11-08T15:11:14 IST" name="beforeSuite" finished-at="2024-11-08T15:11:14 IST" duration-ms="181" status="PASS">
          <reporter-output>
          </reporter-output>
        </test-method> <!-- beforeSuite -->
        <test-method is-config="true" signature="beforeTest()[pri:0, instance:com.CRM.OrganisationTest.TestScriptForOrganisation@2d7275fc]" started-at="2024-11-08T15:11:14 IST" name="beforeTest" finished-at="2024-11-08T15:11:14 IST" duration-ms="0" status="PASS">
          <reporter-output>
          </reporter-output>
        </test-method> <!-- beforeTest -->
        <test-method is-config="true" signature="beforeClass(java.lang.String)[pri:0, instance:com.CRM.OrganisationTest.TestScriptForOrganisation@2d7275fc]" started-at="2024-11-08T15:11:14 IST" name="beforeClass" finished-at="2024-11-08T15:11:16 IST" duration-ms="2283" status="PASS">
          <params>
            <param index="0">
              <value>
                <![CDATA[chrome]]>
              </value>
            </param>
          </params>
          <reporter-output>
          </reporter-output>
        </test-method> <!-- beforeClass -->
        <test-method is-config="true" signature="beforeMethod()[pri:0, instance:com.CRM.OrganisationTest.TestScriptForOrganisation@2d7275fc]" started-at="2024-11-08T15:11:16 IST" name="beforeMethod" finished-at="2024-11-08T15:11:19 IST" duration-ms="2879" status="PASS">
          <reporter-output>
          </reporter-output>
        </test-method> <!-- beforeMethod -->
        <test-method signature="createOrg()[pri:0, instance:com.CRM.OrganisationTest.TestScriptForOrganisation@2d7275fc]" started-at="2024-11-08T15:11:19 IST" name="createOrg" finished-at="2024-11-08T15:11:27 IST" duration-ms="7328" status="PASS">
          <reporter-output>
          </reporter-output>
        </test-method> <!-- createOrg -->
        <test-method is-config="true" signature="afterMethod()[pri:0, instance:com.CRM.OrganisationTest.TestScriptForOrganisation@2d7275fc]" started-at="2024-11-08T15:11:27 IST" name="afterMethod" finished-at="2024-11-08T15:11:28 IST" duration-ms="1314" status="PASS">
          <reporter-output>
          </reporter-output>
        </test-method> <!-- afterMethod -->
        <test-method is-config="true" signature="afterClass()[pri:0, instance:com.CRM.OrganisationTest.TestScriptForOrganisation@2d7275fc]" started-at="2024-11-08T15:11:28 IST" name="afterClass" finished-at="2024-11-08T15:11:28 IST" duration-ms="184" status="PASS">
          <reporter-output>
          </reporter-output>
        </test-method> <!-- afterClass -->
        <test-method is-config="true" signature="afterTest()[pri:0, instance:com.CRM.OrganisationTest.TestScriptForOrganisation@2d7275fc]" started-at="2024-11-08T15:12:10 IST" name="afterTest" finished-at="2024-11-08T15:12:10 IST" duration-ms="0" status="PASS">
          <reporter-output>
          </reporter-output>
        </test-method> <!-- afterTest -->
        <test-method is-config="true" signature="afterSuite()[pri:0, instance:com.CRM.OrganisationTest.TestScriptForOrganisation@2d7275fc]" started-at="2024-11-08T15:12:10 IST" name="afterSuite" finished-at="2024-11-08T15:12:10 IST" duration-ms="0" status="PASS">
          <reporter-output>
          </reporter-output>
        </test-method> <!-- afterSuite -->
      </class> <!-- com.CRM.OrganisationTest.TestScriptForOrganisation -->
    </test> <!-- Test -->
  </suite> <!-- Suite -->
</testng-results>
